# JRE version: Java(TM) SE Runtime Environment (8.0_101-b13) (build 1.8.0_101-b13)
# Java VM: Java HotSpot(TM) Client VM (25.101-b13 mixed mode, sharing windows-x86 )
Heap:
 def new generation   total 21632K, used 10218K [0x04600000, 0x05d70000, 0x09b50000)
  eden space 19264K,  46% used [0x04600000, 0x04eab630, 0x058d0000)
  from space 2368K,  56% used [0x05b20000, 0x05c6f378, 0x05d70000)
  to   space 2368K,   0% used [0x058d0000, 0x058d0000, 0x05b20000)
 tenured generation   total 47872K, used 34014K [0x09b50000, 0x0ca10000, 0x14600000)
   the space 47872K,  71% used [0x09b50000, 0x0bc87900, 0x0bc87a00, 0x0ca10000)
 Metaspace       used 1638K, capacity 3267K, committed 3392K, reserved 4480K
GC Heap History (10 events):
Event: 440.590 GC heap before
{Heap before GC invocations=594 (full 5):
 def new generation   total 21632K, used 20466K [0x04600000, 0x05d70000, 0x09b50000)
  eden space 19264K, 100% used [0x04600000, 0x058d0000, 0x058d0000)
  from space 2368K,  50% used [0x058d0000, 0x059fc9f8, 0x05b20000)
  to   space 2368K,   0% used [0x05b20000, 0x05b20000, 0x05d70000)
 tenured generation   total 47872K, used 33427K [0x09b50000, 0x0ca10000, 0x14600000)
   the space 47872K,  69% used [0x09b50000, 0x0bbf4d20, 0x0bbf4e00, 0x0ca10000)
 Metaspace       used 1638K, capacity 3267K, committed 3392K, reserved 4480K
Event: 440.596 GC heap after
Heap after GC invocations=595 (full 5):
 def new generation   total 21632K, used 1208K [0x04600000, 0x05d70000, 0x09b50000)
  eden space 19264K,   0% used [0x04600000, 0x04600000, 0x058d0000)
  from space 2368K,  51% used [0x05b20000, 0x05c4e118, 0x05d70000)
  to   space 2368K,   0% used [0x058d0000, 0x058d0000, 0x05b20000)
 tenured generation   total 47872K, used 33573K [0x09b50000, 0x0ca10000, 0x14600000)
   the space 47872K,  70% used [0x09b50000, 0x0bc19640, 0x0bc19800, 0x0ca10000)
 Metaspace       used 1638K, capacity 3267K, committed 3392K, reserved 4480K
}
Event: 441.887 GC heap before
{Heap before GC invocations=595 (full 5):
 def new generation   total 21632K, used 20472K [0x04600000, 0x05d70000, 0x09b50000)
  eden space 19264K, 100% used [0x04600000, 0x058d0000, 0x058d0000)
  from space 2368K,  51% used [0x05b20000, 0x05c4e118, 0x05d70000)
  to   space 2368K,   0% used [0x058d0000, 0x058d0000, 0x05b20000)
 tenured generation   total 47872K, used 33573K [0x09b50000, 0x0ca10000, 0x14600000)
   the space 47872K,  70% used [0x09b50000, 0x0bc19640, 0x0bc19800, 0x0ca10000)
 Metaspace       used 1638K, capacity 3267K, committed 3392K, reserved 4480K
Event: 441.895 GC heap after
Heap after GC invocations=596 (full 5):
 def new generation   total 21632K, used 1186K [0x04600000, 0x05d70000, 0x09b50000)
  eden space 19264K,   0% used [0x04600000, 0x04600000, 0x058d0000)
  from space 2368K,  50% used [0x058d0000, 0x059f8828, 0x05b20000)
  to   space 2368K,   0% used [0x05b20000, 0x05b20000, 0x05d70000)
 tenured generation   total 47872K, used 33720K [0x09b50000, 0x0ca10000, 0x14600000)
   the space 47872K,  70% used [0x09b50000, 0x0bc3e288, 0x0bc3e400, 0x0ca10000)
 Metaspace       used 1638K, capacity 3267K, committed 3392K, reserved 4480K
}
Event: 443.239 GC heap before
{Heap before GC invocations=596 (full 5):
 def new generation   total 21632K, used 20450K [0x04600000, 0x05d70000, 0x09b50000)
  eden space 19264K, 100% used [0x04600000, 0x058d0000, 0x058d0000)
  from space 2368K,  50% used [0x058d0000, 0x059f8828, 0x05b20000)
  to   space 2368K,   0% used [0x05b20000, 0x05b20000, 0x05d70000)
 tenured generation   total 47872K, used 33720K [0x09b50000, 0x0ca10000, 0x14600000)
   the space 47872K,  70% used [0x09b50000, 0x0bc3e288, 0x0bc3e400, 0x0ca10000)
 Metaspace       used 1638K, capacity 3267K, committed 3392K, reserved 4480K
Event: 443.251 GC heap after
Heap after GC invocations=597 (full 5):
 def new generation   total 21632K, used 1186K [0x04600000, 0x05d70000, 0x09b50000)
  eden space 19264K,   0% used [0x04600000, 0x04600000, 0x058d0000)
  from space 2368K,  50% used [0x05b20000, 0x05c48970, 0x05d70000)
  to   space 2368K,   0% used [0x058d0000, 0x058d0000, 0x05b20000)
 tenured generation   total 47872K, used 33867K [0x09b50000, 0x0ca10000, 0x14600000)
   the space 47872K,  70% used [0x09b50000, 0x0bc62c60, 0x0bc62e00, 0x0ca10000)
 Metaspace       used 1638K, capacity 3267K, committed 3392K, reserved 4480K
}
Event: 445.507 GC heap before
{Heap before GC invocations=597 (full 5):
 def new generation   total 21632K, used 20450K [0x04600000, 0x05d70000, 0x09b50000)
  eden space 19264K, 100% used [0x04600000, 0x058d0000, 0x058d0000)
  from space 2368K,  50% used [0x05b20000, 0x05c48970, 0x05d70000)
  to   space 2368K,   0% used [0x058d0000, 0x058d0000, 0x05b20000)
 tenured generation   total 47872K, used 33867K [0x09b50000, 0x0ca10000, 0x14600000)
   the space 47872K,  70% used [0x09b50000, 0x0bc62c60, 0x0bc62e00, 0x0ca10000)
 Metaspace       used 1638K, capacity 3267K, committed 3392K, reserved 4480K
Event: 445.513 GC heap after
Heap after GC invocations=598 (full 5):
 def new generation   total 21632K, used 1183K [0x04600000, 0x05d70000, 0x09b50000)
  eden space 19264K,   0% used [0x04600000, 0x04600000, 0x058d0000)
  from space 2368K,  49% used [0x058d0000, 0x059f7fc0, 0x05b20000)
  to   space 2368K,   0% used [0x05b20000, 0x05b20000, 0x05d70000)
 tenured generation   total 47872K, used 34014K [0x09b50000, 0x0ca10000, 0x14600000)
   the space 47872K,  71% used [0x09b50000, 0x0bc87900, 0x0bc87a00, 0x0ca10000)
 Metaspace       used 1638K, capacity 3267K, committed 3392K, reserved 4480K
}
Event: 446.063 GC heap before
{Heap before GC invocations=598 (full 5):
 def new generation   total 21632K, used 20447K [0x04600000, 0x05d70000, 0x09b50000)
  eden space 19264K, 100% used [0x04600000, 0x058d0000, 0x058d0000)
  from space 2368K,  49% used [0x058d0000, 0x059f7fc0, 0x05b20000)
  to   space 2368K,   0% used [0x05b20000, 0x05b20000, 0x05d70000)
 tenured generation   total 47872K, used 34014K [0x09b50000, 0x0ca10000, 0x14600000)
   the space 47872K,  71% used [0x09b50000, 0x0bc87900, 0x0bc87a00, 0x0ca10000)
 Metaspace       used 1638K, capacity 3267K, committed 3392K, reserved 4480K
Event: 446.071 GC heap after
Heap after GC invocations=599 (full 5):
 def new generation   total 21632K, used 1340K [0x04600000, 0x05d70000, 0x09b50000)
  eden space 19264K,   0% used [0x04600000, 0x04600000, 0x058d0000)
  from space 2368K,  56% used [0x05b20000, 0x05c6f378, 0x05d70000)
  to   space 2368K,   0% used [0x058d0000, 0x058d0000, 0x05b20000)
 tenured generation   total 47872K, used 34014K [0x09b50000, 0x0ca10000, 0x14600000)
   the space 47872K,  71% used [0x09b50000, 0x0bc87900, 0x0bc87a00, 0x0ca10000)
 Metaspace       used 1638K, capacity 3267K, committed 3392K, reserved 4480K
}

