# JRE version: Java(TM) SE Runtime Environment (8.0_101-b13) (build 1.8.0_101-b13)
# Java VM: Java HotSpot(TM) Client VM (25.101-b13 mixed mode windows-x86 )
Heap:
 def new generation   total 21440K, used 10884K [0x05000000, 0x06740000, 0x0a550000)
  eden space 19072K,  50% used [0x05000000, 0x05954068, 0x062a0000)
  from space 2368K,  56% used [0x064f0000, 0x0663d098, 0x06740000)
  to   space 2368K,   0% used [0x062a0000, 0x062a0000, 0x064f0000)
 tenured generation   total 47512K, used 34674K [0x0a550000, 0x0d3b6000, 0x15000000)
   the space 47512K,  72% used [0x0a550000, 0x0c72cb80, 0x0c72cc00, 0x0d3b6000)
 Metaspace       used 5728K, capacity 5867K, committed 5888K, reserved 6528K
GC Heap History (10 events):
Event: 477.854 GC heap before
{Heap before GC invocations=592 (full 5):
 def new generation   total 21440K, used 20271K [0x05000000, 0x06740000, 0x0a550000)
  eden space 19072K, 100% used [0x05000000, 0x062a0000, 0x062a0000)
  from space 2368K,  50% used [0x062a0000, 0x063cbf08, 0x064f0000)
  to   space 2368K,   0% used [0x064f0000, 0x064f0000, 0x06740000)
 tenured generation   total 47512K, used 34089K [0x0a550000, 0x0d3b6000, 0x15000000)
   the space 47512K,  71% used [0x0a550000, 0x0c69a608, 0x0c69a800, 0x0d3b6000)
 Metaspace       used 5728K, capacity 5867K, committed 5888K, reserved 6528K
Event: 477.865 GC heap after
Heap after GC invocations=593 (full 5):
 def new generation   total 21440K, used 1200K [0x05000000, 0x06740000, 0x0a550000)
  eden space 19072K,   0% used [0x05000000, 0x05000000, 0x062a0000)
  from space 2368K,  50% used [0x064f0000, 0x0661c220, 0x06740000)
  to   space 2368K,   0% used [0x062a0000, 0x062a0000, 0x064f0000)
 tenured generation   total 47512K, used 34235K [0x0a550000, 0x0d3b6000, 0x15000000)
   the space 47512K,  72% used [0x0a550000, 0x0c6bed10, 0x0c6bee00, 0x0d3b6000)
 Metaspace       used 5728K, capacity 5867K, committed 5888K, reserved 6528K
}
Event: 480.151 GC heap before
{Heap before GC invocations=593 (full 5):
 def new generation   total 21440K, used 20272K [0x05000000, 0x06740000, 0x0a550000)
  eden space 19072K, 100% used [0x05000000, 0x062a0000, 0x062a0000)
  from space 2368K,  50% used [0x064f0000, 0x0661c220, 0x06740000)
  to   space 2368K,   0% used [0x062a0000, 0x062a0000, 0x064f0000)
 tenured generation   total 47512K, used 34235K [0x0a550000, 0x0d3b6000, 0x15000000)
   the space 47512K,  72% used [0x0a550000, 0x0c6bed10, 0x0c6bee00, 0x0d3b6000)
 Metaspace       used 5728K, capacity 5867K, committed 5888K, reserved 6528K
Event: 480.161 GC heap after
Heap after GC invocations=594 (full 5):
 def new generation   total 21440K, used 1198K [0x05000000, 0x06740000, 0x0a550000)
  eden space 19072K,   0% used [0x05000000, 0x05000000, 0x062a0000)
  from space 2368K,  50% used [0x062a0000, 0x063cb9a0, 0x064f0000)
  to   space 2368K,   0% used [0x064f0000, 0x064f0000, 0x06740000)
 tenured generation   total 47512K, used 34382K [0x0a550000, 0x0d3b6000, 0x15000000)
   the space 47512K,  72% used [0x0a550000, 0x0c6e3858, 0x0c6e3a00, 0x0d3b6000)
 Metaspace       used 5728K, capacity 5867K, committed 5888K, reserved 6528K
}
Event: 481.454 GC heap before
{Heap before GC invocations=594 (full 5):
 def new generation   total 21440K, used 20270K [0x05000000, 0x06740000, 0x0a550000)
  eden space 19072K, 100% used [0x05000000, 0x062a0000, 0x062a0000)
  from space 2368K,  50% used [0x062a0000, 0x063cb9a0, 0x064f0000)
  to   space 2368K,   0% used [0x064f0000, 0x064f0000, 0x06740000)
 tenured generation   total 47512K, used 34382K [0x0a550000, 0x0d3b6000, 0x15000000)
   the space 47512K,  72% used [0x0a550000, 0x0c6e3858, 0x0c6e3a00, 0x0d3b6000)
 Metaspace       used 5728K, capacity 5867K, committed 5888K, reserved 6528K
Event: 481.464 GC heap after
Heap after GC invocations=595 (full 5):
 def new generation   total 21440K, used 1193K [0x05000000, 0x06740000, 0x0a550000)
  eden space 19072K,   0% used [0x05000000, 0x05000000, 0x062a0000)
  from space 2368K,  50% used [0x064f0000, 0x0661a628, 0x06740000)
  to   space 2368K,   0% used [0x062a0000, 0x062a0000, 0x064f0000)
 tenured generation   total 47512K, used 34527K [0x0a550000, 0x0d3b6000, 0x15000000)
   the space 47512K,  72% used [0x0a550000, 0x0c707ff0, 0x0c708000, 0x0d3b6000)
 Metaspace       used 5728K, capacity 5867K, committed 5888K, reserved 6528K
}
Event: 483.125 GC heap before
{Heap before GC invocations=595 (full 5):
 def new generation   total 21440K, used 20265K [0x05000000, 0x06740000, 0x0a550000)
  eden space 19072K, 100% used [0x05000000, 0x062a0000, 0x062a0000)
  from space 2368K,  50% used [0x064f0000, 0x0661a628, 0x06740000)
  to   space 2368K,   0% used [0x062a0000, 0x062a0000, 0x064f0000)
 tenured generation   total 47512K, used 34527K [0x0a550000, 0x0d3b6000, 0x15000000)
   the space 47512K,  72% used [0x0a550000, 0x0c707ff0, 0x0c708000, 0x0d3b6000)
 Metaspace       used 5728K, capacity 5867K, committed 5888K, reserved 6528K
Event: 483.135 GC heap after
Heap after GC invocations=596 (full 5):
 def new generation   total 21440K, used 1182K [0x05000000, 0x06740000, 0x0a550000)
  eden space 19072K,   0% used [0x05000000, 0x05000000, 0x062a0000)
  from space 2368K,  49% used [0x062a0000, 0x063c79d0, 0x064f0000)
  to   space 2368K,   0% used [0x064f0000, 0x064f0000, 0x06740000)
 tenured generation   total 47512K, used 34674K [0x0a550000, 0x0d3b6000, 0x15000000)
   the space 47512K,  72% used [0x0a550000, 0x0c72cb80, 0x0c72cc00, 0x0d3b6000)
 Metaspace       used 5728K, capacity 5867K, committed 5888K, reserved 6528K
}
Event: 483.651 GC heap before
{Heap before GC invocations=596 (full 5):
 def new generation   total 21440K, used 20254K [0x05000000, 0x06740000, 0x0a550000)
  eden space 19072K, 100% used [0x05000000, 0x062a0000, 0x062a0000)
  from space 2368K,  49% used [0x062a0000, 0x063c79d0, 0x064f0000)
  to   space 2368K,   0% used [0x064f0000, 0x064f0000, 0x06740000)
 tenured generation   total 47512K, used 34674K [0x0a550000, 0x0d3b6000, 0x15000000)
   the space 47512K,  72% used [0x0a550000, 0x0c72cb80, 0x0c72cc00, 0x0d3b6000)
 Metaspace       used 5728K, capacity 5867K, committed 5888K, reserved 6528K
Event: 483.660 GC heap after
Heap after GC invocations=597 (full 5):
 def new generation   total 21440K, used 1332K [0x05000000, 0x06740000, 0x0a550000)
  eden space 19072K,   0% used [0x05000000, 0x05000000, 0x062a0000)
  from space 2368K,  56% used [0x064f0000, 0x0663d098, 0x06740000)
  to   space 2368K,   0% used [0x062a0000, 0x062a0000, 0x064f0000)
 tenured generation   total 47512K, used 34674K [0x0a550000, 0x0d3b6000, 0x15000000)
   the space 47512K,  72% used [0x0a550000, 0x0c72cb80, 0x0c72cc00, 0x0d3b6000)
 Metaspace       used 5728K, capacity 5867K, committed 5888K, reserved 6528K
}

